# JRE version: Java(TM) SE Runtime Environment (8.0_05-b13) (build 1.8.0_05-b13)
# Java VM: Java HotSpot(TM) 64-Bit Server VM (25.5-b02 mixed mode windows-amd64 compressed oops)
Heap:
 PSYoungGen      total 16896K, used 5636K [0x00000000eab00000, 0x00000000eca00000, 0x0000000100000000)
  eden space 12800K, 12% used [0x00000000eab00000,0x00000000eac85218,0x00000000eb780000)
  from space 4096K, 99% used [0x00000000ebf00000,0x00000000ec2fc010,0x00000000ec300000)
  to   space 7680K, 0% used [0x00000000eb780000,0x00000000eb780000,0x00000000ebf00000)
 ParOldGen       total 64000K, used 26644K [0x00000000c0000000, 0x00000000c3e80000, 0x00000000eab00000)
  object space 64000K, 41% used [0x00000000c0000000,0x00000000c1a05098,0x00000000c3e80000)
 Metaspace       used 14120K, capacity 14324K, committed 14464K, reserved 1062912K
  class space    used 1796K, capacity 1856K, committed 1920K, reserved 1048576K
GC Heap History (10 events):
Event: 5.927 GC heap before
{Heap before GC invocations=10 (full 0):
 PSYoungGen      total 5632K, used 5137K [0x00000000eab00000, 0x00000000eb500000, 0x0000000100000000)
  eden space 3584K, 98% used [0x00000000eab00000,0x00000000eae743e8,0x00000000eae80000)
  from space 2048K, 78% used [0x00000000eae80000,0x00000000eb010030,0x00000000eb080000)
  to   space 2048K, 0% used [0x00000000eb300000,0x00000000eb300000,0x00000000eb500000)
 ParOldGen       total 64000K, used 5583K [0x00000000c0000000, 0x00000000c3e80000, 0x00000000eab00000)
  object space 64000K, 8% used [0x00000000c0000000,0x00000000c0573f08,0x00000000c3e80000)
 Metaspace       used 11874K, capacity 11996K, committed 12288K, reserved 1060864K
  class space    used 1499K, capacity 1530K, committed 1536K, reserved 1048576K
Event: 5.934 GC heap after
Heap after GC invocations=10 (full 0):
 PSYoungGen      total 8192K, used 1531K [0x00000000eab00000, 0x00000000eb500000, 0x0000000100000000)
  eden space 6144K, 0% used [0x00000000eab00000,0x00000000eab00000,0x00000000eb100000)
  from space 2048K, 74% used [0x00000000eb300000,0x00000000eb47ec90,0x00000000eb500000)
  to   space 2048K, 0% used [0x00000000eb100000,0x00000000eb100000,0x00000000eb300000)
 ParOldGen       total 64000K, used 7647K [0x00000000c0000000, 0x00000000c3e80000, 0x00000000eab00000)
  object space 64000K, 11% used [0x00000000c0000000,0x00000000c0777f48,0x00000000c3e80000)
 Metaspace       used 11874K, capacity 11996K, committed 12288K, reserved 1060864K
  class space    used 1499K, capacity 1530K, committed 1536K, reserved 1048576K
}
Event: 5.983 GC heap before
{Heap before GC invocations=11 (full 0):
 PSYoungGen      total 8192K, used 7412K [0x00000000eab00000, 0x00000000eb500000, 0x0000000100000000)
  eden space 6144K, 95% used [0x00000000eab00000,0x00000000eb0be6a8,0x00000000eb100000)
  from space 2048K, 74% used [0x00000000eb300000,0x00000000eb47ec90,0x00000000eb500000)
  to   space 2048K, 0% used [0x00000000eb100000,0x00000000eb100000,0x00000000eb300000)
 ParOldGen       total 64000K, used 7647K [0x00000000c0000000, 0x00000000c3e80000, 0x00000000eab00000)
  object space 64000K, 11% used [0x00000000c0000000,0x00000000c0777f48,0x00000000c3e80000)
 Metaspace       used 11875K, capacity 11996K, committed 12288K, reserved 1060864K
  class space    used 1499K, capacity 1530K, committed 1536K, reserved 1048576K
Event: 5.987 GC heap after
Heap after GC invocations=11 (full 0):
 PSYoungGen      total 8192K, used 1531K [0x00000000eab00000, 0x00000000eba00000, 0x0000000100000000)
  eden space 6144K, 0% used [0x00000000eab00000,0x00000000eab00000,0x00000000eb100000)
  from space 2048K, 74% used [0x00000000eb100000,0x00000000eb27ec90,0x00000000eb300000)
  to   space 2560K, 0% used [0x00000000eb780000,0x00000000eb780000,0x00000000eba00000)
 ParOldGen       total 64000K, used 11873K [0x00000000c0000000, 0x00000000c3e80000, 0x00000000eab00000)
  object space 64000K, 18% used [0x00000000c0000000,0x00000000c0b984f8,0x00000000c3e80000)
 Metaspace       used 11875K, capacity 11996K, committed 12288K, reserved 1060864K
  class space    used 1499K, capacity 1530K, committed 1536K, reserved 1048576K
}
Event: 6.037 GC heap before
{Heap before GC invocations=12 (full 0):
 PSYoungGen      total 8192K, used 7387K [0x00000000eab00000, 0x00000000eba00000, 0x0000000100000000)
  eden space 6144K, 95% used [0x00000000eab00000,0x00000000eb0b8358,0x00000000eb100000)
  from space 2048K, 74% used [0x00000000eb100000,0x00000000eb27ec90,0x00000000eb300000)
  to   space 2560K, 0% used [0x00000000eb780000,0x00000000eb780000,0x00000000eba00000)
 ParOldGen       total 64000K, used 11873K [0x00000000c0000000, 0x00000000c3e80000, 0x00000000eab00000)
  object space 64000K, 18% used [0x00000000c0000000,0x00000000c0b984f8,0x00000000c3e80000)
 Metaspace       used 11876K, capacity 11996K, committed 12288K, reserved 1060864K
  class space    used 1499K, capacity 1530K, committed 1536K, reserved 1048576K
Event: 6.045 GC heap after
Heap after GC invocations=12 (full 0):
 PSYoungGen      total 12800K, used 1531K [0x00000000eab00000, 0x00000000eba00000, 0x0000000100000000)
  eden space 10240K, 0% used [0x00000000eab00000,0x00000000eab00000,0x00000000eb500000)
  from space 2560K, 59% used [0x00000000eb780000,0x00000000eb8fec90,0x00000000eba00000)
  to   space 2560K, 0% used [0x00000000eb500000,0x00000000eb500000,0x00000000eb780000)
 ParOldGen       total 64000K, used 16098K [0x00000000c0000000, 0x00000000c3e80000, 0x00000000eab00000)
  object space 64000K, 25% used [0x00000000c0000000,0x00000000c0fb8aa8,0x00000000c3e80000)
 Metaspace       used 11876K, capacity 11996K, committed 12288K, reserved 1060864K
  class space    used 1499K, capacity 1530K, committed 1536K, reserved 1048576K
}
Event: 8.046 GC heap before
{Heap before GC invocations=13 (full 0):
 PSYoungGen      total 12800K, used 11771K [0x00000000eab00000, 0x00000000eba00000, 0x0000000100000000)
  eden space 10240K, 100% used [0x00000000eab00000,0x00000000eb500000,0x00000000eb500000)
  from space 2560K, 59% used [0x00000000eb780000,0x00000000eb8fec90,0x00000000eba00000)
  to   space 2560K, 0% used [0x00000000eb500000,0x00000000eb500000,0x00000000eb780000)
 ParOldGen       total 64000K, used 16098K [0x00000000c0000000, 0x00000000c3e80000, 0x00000000eab00000)
  object space 64000K, 25% used [0x00000000c0000000,0x00000000c0fb8aa8,0x00000000c3e80000)
 Metaspace       used 12948K, capacity 13090K, committed 13184K, reserved 1060864K
  class space    used 1632K, capacity 1659K, committed 1664K, reserved 1048576K
Event: 8.055 GC heap after
Heap after GC invocations=13 (full 0):
 PSYoungGen      total 12800K, used 2539K [0x00000000eab00000, 0x00000000ec300000, 0x0000000100000000)
  eden space 10240K, 0% used [0x00000000eab00000,0x00000000eab00000,0x00000000eb500000)
  from space 2560K, 99% used [0x00000000eb500000,0x00000000eb77aca0,0x00000000eb780000)
  to   space 4096K, 0% used [0x00000000ebf00000,0x00000000ebf00000,0x00000000ec300000)
 ParOldGen       total 64000K, used 18928K [0x00000000c0000000, 0x00000000c3e80000, 0x00000000eab00000)
  object space 64000K, 29% used [0x00000000c0000000,0x00000000c127c3c8,0x00000000c3e80000)
 Metaspace       used 12948K, capacity 13090K, committed 13184K, reserved 1060864K
  class space    used 1632K, capacity 1659K, committed 1664K, reserved 1048576K
}
Event: 8.176 GC heap before
{Heap before GC invocations=14 (full 0):
 PSYoungGen      total 12800K, used 12779K [0x00000000eab00000, 0x00000000ec300000, 0x0000000100000000)
  eden space 10240K, 100% used [0x00000000eab00000,0x00000000eb500000,0x00000000eb500000)
  from space 2560K, 99% used [0x00000000eb500000,0x00000000eb77aca0,0x00000000eb780000)
  to   space 4096K, 0% used [0x00000000ebf00000,0x00000000ebf00000,0x00000000ec300000)
 ParOldGen       total 64000K, used 18928K [0x00000000c0000000, 0x00000000c3e80000, 0x00000000eab00000)
  object space 64000K, 29% used [0x00000000c0000000,0x00000000c127c3c8,0x00000000c3e80000)
 Metaspace       used 13719K, capacity 13896K, committed 14208K, reserved 1060864K
  class space    used 1764K, capacity 1820K, committed 1920K, reserved 1048576K
Event: 8.193 GC heap after
Heap after GC invocations=14 (full 0):
 PSYoungGen      total 16896K, used 4080K [0x00000000eab00000, 0x00000000eca00000, 0x0000000100000000)
  eden space 12800K, 0% used [0x00000000eab00000,0x00000000eab00000,0x00000000eb780000)
  from space 4096K, 99% used [0x00000000ebf00000,0x00000000ec2fc010,0x00000000ec300000)
  to   space 7680K, 0% used [0x00000000eb780000,0x00000000eb780000,0x00000000ebf00000)
 ParOldGen       total 64000K, used 26644K [0x00000000c0000000, 0x00000000c3e80000, 0x00000000eab00000)
  object space 64000K, 41% used [0x00000000c0000000,0x00000000c1a05098,0x00000000c3e80000)
 Metaspace       used 13719K, capacity 13896K, committed 14208K, reserved 1060864K
  class space    used 1764K, capacity 1820K, committed 1920K, reserved 1048576K
}

