# JRE version: Java(TM) SE Runtime Environment (8.0_05-b13) (build 1.8.0_05-b13)
# Java VM: Java HotSpot(TM) 64-Bit Server VM (25.5-b02 mixed mode windows-amd64 compressed oops)
Heap:
 PSYoungGen      total 11264K, used 6720K [0x00000000eab00000, 0x00000000ec100000, 0x0000000100000000)
  eden space 6144K, 26% used [0x00000000eab00000,0x00000000eac94088,0x00000000eb100000)
  from space 5120K, 99% used [0x00000000eb100000,0x00000000eb5fc050,0x00000000eb600000)
  to   space 6144K, 0% used [0x00000000ebb00000,0x00000000ebb00000,0x00000000ec100000)
 ParOldGen       total 64000K, used 7433K [0x00000000c0000000, 0x00000000c3e80000, 0x00000000eab00000)
  object space 64000K, 11% used [0x00000000c0000000,0x00000000c0742408,0x00000000c3e80000)
 Metaspace       used 13544K, capacity 13776K, committed 14080K, reserved 1060864K
  class space    used 1693K, capacity 1760K, committed 1792K, reserved 1048576K
GC Heap History (10 events):
Event: 1.770 GC heap before
{Heap before GC invocations=5 (full 0):
 PSYoungGen      total 2560K, used 2558K [0x00000000eab00000, 0x00000000eae00000, 0x0000000100000000)
  eden space 2048K, 99% used [0x00000000eab00000,0x00000000eacffa80,0x00000000ead00000)
  from space 512K, 100% used [0x00000000ead80000,0x00000000eae00000,0x00000000eae00000)
  to   space 512K, 0% used [0x00000000ead00000,0x00000000ead00000,0x00000000ead80000)
 ParOldGen       total 64000K, used 1020K [0x00000000c0000000, 0x00000000c3e80000, 0x00000000eab00000)
  object space 64000K, 1% used [0x00000000c0000000,0x00000000c00ff070,0x00000000c3e80000)
 Metaspace       used 11700K, capacity 11832K, committed 12032K, reserved 1060864K
  class space    used 1457K, capacity 1498K, committed 1536K, reserved 1048576K
Event: 1.780 GC heap after
Heap after GC invocations=5 (full 0):
 PSYoungGen      total 2560K, used 480K [0x00000000eab00000, 0x00000000eb300000, 0x0000000100000000)
  eden space 2048K, 0% used [0x00000000eab00000,0x00000000eab00000,0x00000000ead00000)
  from space 512K, 93% used [0x00000000ead00000,0x00000000ead78010,0x00000000ead80000)
  to   space 2048K, 0% used [0x00000000eb100000,0x00000000eb100000,0x00000000eb300000)
 ParOldGen       total 64000K, used 1932K [0x00000000c0000000, 0x00000000c3e80000, 0x00000000eab00000)
  object space 64000K, 3% used [0x00000000c0000000,0x00000000c01e30c0,0x00000000c3e80000)
 Metaspace       used 11700K, capacity 11832K, committed 12032K, reserved 1060864K
  class space    used 1457K, capacity 1498K, committed 1536K, reserved 1048576K
}
Event: 3.480 GC heap before
{Heap before GC invocations=6 (full 0):
 PSYoungGen      total 2560K, used 1983K [0x00000000eab00000, 0x00000000eb300000, 0x0000000100000000)
  eden space 2048K, 73% used [0x00000000eab00000,0x00000000eac77cf8,0x00000000ead00000)
  from space 512K, 93% used [0x00000000ead00000,0x00000000ead78010,0x00000000ead80000)
  to   space 2048K, 0% used [0x00000000eb100000,0x00000000eb100000,0x00000000eb300000)
 ParOldGen       total 64000K, used 1932K [0x00000000c0000000, 0x00000000c3e80000, 0x00000000eab00000)
  object space 64000K, 3% used [0x00000000c0000000,0x00000000c01e30c0,0x00000000c3e80000)
 Metaspace       used 11767K, capacity 11902K, committed 12032K, reserved 1060864K
  class space    used 1466K, capacity 1499K, committed 1536K, reserved 1048576K
Event: 3.485 GC heap after
Heap after GC invocations=6 (full 0):
 PSYoungGen      total 6144K, used 1152K [0x00000000eab00000, 0x00000000eb300000, 0x0000000100000000)
  eden space 4096K, 0% used [0x00000000eab00000,0x00000000eab00000,0x00000000eaf00000)
  from space 2048K, 56% used [0x00000000eb100000,0x00000000eb220020,0x00000000eb300000)
  to   space 2048K, 0% used [0x00000000eaf00000,0x00000000eaf00000,0x00000000eb100000)
 ParOldGen       total 64000K, used 1932K [0x00000000c0000000, 0x00000000c3e80000, 0x00000000eab00000)
  object space 64000K, 3% used [0x00000000c0000000,0x00000000c01e30c0,0x00000000c3e80000)
 Metaspace       used 11767K, capacity 11902K, committed 12032K, reserved 1060864K
  class space    used 1466K, capacity 1499K, committed 1536K, reserved 1048576K
}
Event: 3.637 GC heap before
{Heap before GC invocations=7 (full 0):
 PSYoungGen      total 6144K, used 5245K [0x00000000eab00000, 0x00000000eb300000, 0x0000000100000000)
  eden space 4096K, 99% used [0x00000000eab00000,0x00000000eaeff448,0x00000000eaf00000)
  from space 2048K, 56% used [0x00000000eb100000,0x00000000eb220020,0x00000000eb300000)
  to   space 2048K, 0% used [0x00000000eaf00000,0x00000000eaf00000,0x00000000eb100000)
 ParOldGen       total 64000K, used 1932K [0x00000000c0000000, 0x00000000c3e80000, 0x00000000eab00000)
  object space 64000K, 3% used [0x00000000c0000000,0x00000000c01e30c0,0x00000000c3e80000)
 Metaspace       used 11999K, capacity 12094K, committed 12416K, reserved 1060864K
  class space    used 1522K, capacity 1563K, committed 1664K, reserved 1048576K
Event: 3.645 GC heap after
Heap after GC invocations=7 (full 0):
 PSYoungGen      total 6144K, used 2016K [0x00000000eab00000, 0x00000000eb900000, 0x0000000100000000)
  eden space 4096K, 0% used [0x00000000eab00000,0x00000000eab00000,0x00000000eaf00000)
  from space 2048K, 98% used [0x00000000eaf00000,0x00000000eb0f8010,0x00000000eb100000)
  to   space 3072K, 0% used [0x00000000eb600000,0x00000000eb600000,0x00000000eb900000)
 ParOldGen       total 64000K, used 3700K [0x00000000c0000000, 0x00000000c3e80000, 0x00000000eab00000)
  object space 64000K, 5% used [0x00000000c0000000,0x00000000c039d0d0,0x00000000c3e80000)
 Metaspace       used 11999K, capacity 12094K, committed 12416K, reserved 1060864K
  class space    used 1522K, capacity 1563K, committed 1664K, reserved 1048576K
}
Event: 3.649 GC heap before
{Heap before GC invocations=8 (full 0):
 PSYoungGen      total 6144K, used 6108K [0x00000000eab00000, 0x00000000eb900000, 0x0000000100000000)
  eden space 4096K, 99% used [0x00000000eab00000,0x00000000eaeff230,0x00000000eaf00000)
  from space 2048K, 98% used [0x00000000eaf00000,0x00000000eb0f8010,0x00000000eb100000)
  to   space 3072K, 0% used [0x00000000eb600000,0x00000000eb600000,0x00000000eb900000)
 ParOldGen       total 64000K, used 3700K [0x00000000c0000000, 0x00000000c3e80000, 0x00000000eab00000)
  object space 64000K, 5% used [0x00000000c0000000,0x00000000c039d0d0,0x00000000c3e80000)
 Metaspace       used 12007K, capacity 12158K, committed 12416K, reserved 1060864K
  class space    used 1523K, capacity 1563K, committed 1664K, reserved 1048576K
Event: 3.660 GC heap after
Heap after GC invocations=8 (full 0):
 PSYoungGen      total 9216K, used 3040K [0x00000000eab00000, 0x00000000ebd00000, 0x0000000100000000)
  eden space 6144K, 0% used [0x00000000eab00000,0x00000000eab00000,0x00000000eb100000)
  from space 3072K, 98% used [0x00000000eb600000,0x00000000eb8f8010,0x00000000eb900000)
  to   space 5120K, 0% used [0x00000000eb100000,0x00000000eb100000,0x00000000eb600000)
 ParOldGen       total 64000K, used 6800K [0x00000000c0000000, 0x00000000c3e80000, 0x00000000eab00000)
  object space 64000K, 10% used [0x00000000c0000000,0x00000000c06a43f8,0x00000000c3e80000)
 Metaspace       used 12007K, capacity 12158K, committed 12416K, reserved 1060864K
  class space    used 1523K, capacity 1563K, committed 1664K, reserved 1048576K
}
Event: 7.301 GC heap before
{Heap before GC invocations=9 (full 0):
 PSYoungGen      total 9216K, used 9184K [0x00000000eab00000, 0x00000000ebd00000, 0x0000000100000000)
  eden space 6144K, 100% used [0x00000000eab00000,0x00000000eb100000,0x00000000eb100000)
  from space 3072K, 98% used [0x00000000eb600000,0x00000000eb8f8010,0x00000000eb900000)
  to   space 5120K, 0% used [0x00000000eb100000,0x00000000eb100000,0x00000000eb600000)
 ParOldGen       total 64000K, used 6800K [0x00000000c0000000, 0x00000000c3e80000, 0x00000000eab00000)
  object space 64000K, 10% used [0x00000000c0000000,0x00000000c06a43f8,0x00000000c3e80000)
 Metaspace       used 13451K, capacity 13712K, committed 13824K, reserved 1060864K
  class space    used 1693K, capacity 1760K, committed 1792K, reserved 1048576K
Event: 7.315 GC heap after
Heap after GC invocations=9 (full 0):
 PSYoungGen      total 11264K, used 5104K [0x00000000eab00000, 0x00000000ec100000, 0x0000000100000000)
  eden space 6144K, 0% used [0x00000000eab00000,0x00000000eab00000,0x00000000eb100000)
  from space 5120K, 99% used [0x00000000eb100000,0x00000000eb5fc050,0x00000000eb600000)
  to   space 6144K, 0% used [0x00000000ebb00000,0x00000000ebb00000,0x00000000ec100000)
 ParOldGen       total 64000K, used 7433K [0x00000000c0000000, 0x00000000c3e80000, 0x00000000eab00000)
  object space 64000K, 11% used [0x00000000c0000000,0x00000000c0742408,0x00000000c3e80000)
 Metaspace       used 13451K, capacity 13712K, committed 13824K, reserved 1060864K
  class space    used 1693K, capacity 1760K, committed 1792K, reserved 1048576K
}

