# JRE version: Java(TM) SE Runtime Environment (8.0_05-b13) (build 1.8.0_05-b13)
# Java VM: Java HotSpot(TM) 64-Bit Server VM (25.5-b02 mixed mode windows-amd64 compressed oops)
Heap:
 PSYoungGen      total 16384K, used 7280K [0x00000000eab00000, 0x00000000ec100000, 0x0000000100000000)
  eden space 10240K, 43% used [0x00000000eab00000,0x00000000eaf50340,0x00000000eb500000)
  from space 6144K, 46% used [0x00000000ebb00000,0x00000000ebdcc050,0x00000000ec100000)
  to   space 6144K, 0% used [0x00000000eb500000,0x00000000eb500000,0x00000000ebb00000)
 ParOldGen       total 64000K, used 9869K [0x00000000c0000000, 0x00000000c3e80000, 0x00000000eab00000)
  object space 64000K, 15% used [0x00000000c0000000,0x00000000c09a3638,0x00000000c3e80000)
 Metaspace       used 14522K, capacity 14784K, committed 15104K, reserved 1062912K
  class space    used 1851K, capacity 1922K, committed 2048K, reserved 1048576K
GC Heap History (10 events):
Event: 2.956 GC heap before
{Heap before GC invocations=6 (full 0):
 PSYoungGen      total 2560K, used 2009K [0x00000000eab00000, 0x00000000eb300000, 0x0000000100000000)
  eden space 2048K, 74% used [0x00000000eab00000,0x00000000eac7e5b0,0x00000000ead00000)
  from space 512K, 93% used [0x00000000ead00000,0x00000000ead78010,0x00000000ead80000)
  to   space 2048K, 0% used [0x00000000eb100000,0x00000000eb100000,0x00000000eb300000)
 ParOldGen       total 64000K, used 1953K [0x00000000c0000000, 0x00000000c3e80000, 0x00000000eab00000)
  object space 64000K, 3% used [0x00000000c0000000,0x00000000c01e85e8,0x00000000c3e80000)
 Metaspace       used 11770K, capacity 11906K, committed 12032K, reserved 1060864K
  class space    used 1466K, capacity 1499K, committed 1536K, reserved 1048576K
Event: 2.959 GC heap after
Heap after GC invocations=6 (full 0):
 PSYoungGen      total 6144K, used 1120K [0x00000000eab00000, 0x00000000eb300000, 0x0000000100000000)
  eden space 4096K, 0% used [0x00000000eab00000,0x00000000eab00000,0x00000000eaf00000)
  from space 2048K, 54% used [0x00000000eb100000,0x00000000eb218020,0x00000000eb300000)
  to   space 2048K, 0% used [0x00000000eaf00000,0x00000000eaf00000,0x00000000eb100000)
 ParOldGen       total 64000K, used 1953K [0x00000000c0000000, 0x00000000c3e80000, 0x00000000eab00000)
  object space 64000K, 3% used [0x00000000c0000000,0x00000000c01e85e8,0x00000000c3e80000)
 Metaspace       used 11770K, capacity 11906K, committed 12032K, reserved 1060864K
  class space    used 1466K, capacity 1499K, committed 1536K, reserved 1048576K
}
Event: 3.113 GC heap before
{Heap before GC invocations=7 (full 0):
 PSYoungGen      total 6144K, used 5215K [0x00000000eab00000, 0x00000000eb300000, 0x0000000100000000)
  eden space 4096K, 99% used [0x00000000eab00000,0x00000000eaeffe10,0x00000000eaf00000)
  from space 2048K, 54% used [0x00000000eb100000,0x00000000eb218020,0x00000000eb300000)
  to   space 2048K, 0% used [0x00000000eaf00000,0x00000000eaf00000,0x00000000eb100000)
 ParOldGen       total 64000K, used 1953K [0x00000000c0000000, 0x00000000c3e80000, 0x00000000eab00000)
  object space 64000K, 3% used [0x00000000c0000000,0x00000000c01e85e8,0x00000000c3e80000)
 Metaspace       used 12006K, capacity 12098K, committed 12416K, reserved 1060864K
  class space    used 1522K, capacity 1563K, committed 1664K, reserved 1048576K
Event: 3.118 GC heap after
Heap after GC invocations=7 (full 0):
 PSYoungGen      total 6144K, used 2016K [0x00000000eab00000, 0x00000000eb900000, 0x0000000100000000)
  eden space 4096K, 0% used [0x00000000eab00000,0x00000000eab00000,0x00000000eaf00000)
  from space 2048K, 98% used [0x00000000eaf00000,0x00000000eb0f8020,0x00000000eb100000)
  to   space 3072K, 0% used [0x00000000eb600000,0x00000000eb600000,0x00000000eb900000)
 ParOldGen       total 64000K, used 3693K [0x00000000c0000000, 0x00000000c3e80000, 0x00000000eab00000)
  object space 64000K, 5% used [0x00000000c0000000,0x00000000c039b618,0x00000000c3e80000)
 Metaspace       used 12006K, capacity 12098K, committed 12416K, reserved 1060864K
  class space    used 1522K, capacity 1563K, committed 1664K, reserved 1048576K
}
Event: 3.121 GC heap before
{Heap before GC invocations=8 (full 0):
 PSYoungGen      total 6144K, used 6112K [0x00000000eab00000, 0x00000000eb900000, 0x0000000100000000)
  eden space 4096K, 100% used [0x00000000eab00000,0x00000000eaf00000,0x00000000eaf00000)
  from space 2048K, 98% used [0x00000000eaf00000,0x00000000eb0f8020,0x00000000eb100000)
  to   space 3072K, 0% used [0x00000000eb600000,0x00000000eb600000,0x00000000eb900000)
 ParOldGen       total 64000K, used 3693K [0x00000000c0000000, 0x00000000c3e80000, 0x00000000eab00000)
  object space 64000K, 5% used [0x00000000c0000000,0x00000000c039b618,0x00000000c3e80000)
 Metaspace       used 12015K, capacity 12162K, committed 12416K, reserved 1060864K
  class space    used 1524K, capacity 1563K, committed 1664K, reserved 1048576K
Event: 3.131 GC heap after
Heap after GC invocations=8 (full 0):
 PSYoungGen      total 9216K, used 3040K [0x00000000eab00000, 0x00000000ebd00000, 0x0000000100000000)
  eden space 6144K, 0% used [0x00000000eab00000,0x00000000eab00000,0x00000000eb100000)
  from space 3072K, 98% used [0x00000000eb600000,0x00000000eb8f8020,0x00000000eb900000)
  to   space 5120K, 0% used [0x00000000eb100000,0x00000000eb100000,0x00000000eb600000)
 ParOldGen       total 64000K, used 6821K [0x00000000c0000000, 0x00000000c3e80000, 0x00000000eab00000)
  object space 64000K, 10% used [0x00000000c0000000,0x00000000c06a9618,0x00000000c3e80000)
 Metaspace       used 12015K, capacity 12162K, committed 12416K, reserved 1060864K
  class space    used 1524K, capacity 1563K, committed 1664K, reserved 1048576K
}
Event: 6.605 GC heap before
{Heap before GC invocations=9 (full 0):
 PSYoungGen      total 9216K, used 9184K [0x00000000eab00000, 0x00000000ebd00000, 0x0000000100000000)
  eden space 6144K, 100% used [0x00000000eab00000,0x00000000eb100000,0x00000000eb100000)
  from space 3072K, 98% used [0x00000000eb600000,0x00000000eb8f8020,0x00000000eb900000)
  to   space 5120K, 0% used [0x00000000eb100000,0x00000000eb100000,0x00000000eb600000)
 ParOldGen       total 64000K, used 6821K [0x00000000c0000000, 0x00000000c3e80000, 0x00000000eab00000)
  object space 64000K, 10% used [0x00000000c0000000,0x00000000c06a9618,0x00000000c3e80000)
 Metaspace       used 13389K, capacity 13620K, committed 13824K, reserved 1060864K
  class space    used 1678K, capacity 1728K, committed 1792K, reserved 1048576K
Event: 6.613 GC heap after
Heap after GC invocations=9 (full 0):
 PSYoungGen      total 11264K, used 5056K [0x00000000eab00000, 0x00000000ec100000, 0x0000000100000000)
  eden space 6144K, 0% used [0x00000000eab00000,0x00000000eab00000,0x00000000eb100000)
  from space 5120K, 98% used [0x00000000eb100000,0x00000000eb5f0060,0x00000000eb600000)
  to   space 6144K, 0% used [0x00000000ebb00000,0x00000000ebb00000,0x00000000ec100000)
 ParOldGen       total 64000K, used 7525K [0x00000000c0000000, 0x00000000c3e80000, 0x00000000eab00000)
  object space 64000K, 11% used [0x00000000c0000000,0x00000000c0759638,0x00000000c3e80000)
 Metaspace       used 13389K, capacity 13620K, committed 13824K, reserved 1060864K
  class space    used 1678K, capacity 1728K, committed 1792K, reserved 1048576K
}
Event: 12.164 GC heap before
{Heap before GC invocations=10 (full 0):
 PSYoungGen      total 11264K, used 11200K [0x00000000eab00000, 0x00000000ec100000, 0x0000000100000000)
  eden space 6144K, 100% used [0x00000000eab00000,0x00000000eb100000,0x00000000eb100000)
  from space 5120K, 98% used [0x00000000eb100000,0x00000000eb5f0060,0x00000000eb600000)
  to   space 6144K, 0% used [0x00000000ebb00000,0x00000000ebb00000,0x00000000ec100000)
 ParOldGen       total 64000K, used 7525K [0x00000000c0000000, 0x00000000c3e80000, 0x00000000eab00000)
  object space 64000K, 11% used [0x00000000c0000000,0x00000000c0759638,0x00000000c3e80000)
 Metaspace       used 14102K, capacity 14304K, committed 14720K, reserved 1062912K
  class space    used 1774K, capacity 1826K, committed 1920K, reserved 1048576K
Event: 12.174 GC heap after
Heap after GC invocations=10 (full 0):
 PSYoungGen      total 16384K, used 2864K [0x00000000eab00000, 0x00000000ec100000, 0x0000000100000000)
  eden space 10240K, 0% used [0x00000000eab00000,0x00000000eab00000,0x00000000eb500000)
  from space 6144K, 46% used [0x00000000ebb00000,0x00000000ebdcc050,0x00000000ec100000)
  to   space 6144K, 0% used [0x00000000eb500000,0x00000000eb500000,0x00000000ebb00000)
 ParOldGen       total 64000K, used 9869K [0x00000000c0000000, 0x00000000c3e80000, 0x00000000eab00000)
  object space 64000K, 15% used [0x00000000c0000000,0x00000000c09a3638,0x00000000c3e80000)
 Metaspace       used 14102K, capacity 14304K, committed 14720K, reserved 1062912K
  class space    used 1774K, capacity 1826K, committed 1920K, reserved 1048576K
}

