# JRE version: Java(TM) SE Runtime Environment (8.0_05-b13) (build 1.8.0_05-b13)
# Java VM: Java HotSpot(TM) 64-Bit Server VM (25.5-b02 mixed mode windows-amd64 compressed oops)
Heap:
 PSYoungGen      total 11264K, used 8300K [0x00000000eab00000, 0x00000000ebb00000, 0x0000000100000000)
  eden space 9216K, 79% used [0x00000000eab00000,0x00000000eb2330c0,0x00000000eb400000)
  from space 2048K, 45% used [0x00000000eb900000,0x00000000eb9e8000,0x00000000ebb00000)
  to   space 3584K, 0% used [0x00000000eb400000,0x00000000eb400000,0x00000000eb780000)
 ParOldGen       total 9728K, used 6406K [0x00000000c0000000, 0x00000000c0980000, 0x00000000eab00000)
  object space 9728K, 65% used [0x00000000c0000000,0x00000000c06419f8,0x00000000c0980000)
 Metaspace       used 8447K, capacity 9024K, committed 9216K, reserved 1056768K
  class space    used 990K, capacity 1012K, committed 1024K, reserved 1048576K
GC Heap History (10 events):
Event: 0.927 GC heap before
{Heap before GC invocations=7 (full 0):
 PSYoungGen      total 5120K, used 4714K [0x00000000eab00000, 0x00000000eb100000, 0x0000000100000000)
  eden space 4096K, 99% used [0x00000000eab00000,0x00000000eaefe988,0x00000000eaf00000)
  from space 1024K, 60% used [0x00000000eb000000,0x00000000eb09c020,0x00000000eb100000)
  to   space 1024K, 0% used [0x00000000eaf00000,0x00000000eaf00000,0x00000000eb000000)
 ParOldGen       total 6656K, used 644K [0x00000000c0000000, 0x00000000c0680000, 0x00000000eab00000)
  object space 6656K, 9% used [0x00000000c0000000,0x00000000c00a1060,0x00000000c0680000)
 Metaspace       used 7066K, capacity 8052K, committed 8320K, reserved 1056768K
  class space    used 872K, capacity 880K, committed 896K, reserved 1048576K
Event: 0.933 GC heap after
Heap after GC invocations=7 (full 0):
 PSYoungGen      total 5120K, used 996K [0x00000000eab00000, 0x00000000eb500000, 0x0000000100000000)
  eden space 4096K, 0% used [0x00000000eab00000,0x00000000eab00000,0x00000000eaf00000)
  from space 1024K, 97% used [0x00000000eaf00000,0x00000000eaff92d8,0x00000000eb000000)
  to   space 1024K, 0% used [0x00000000eb400000,0x00000000eb400000,0x00000000eb500000)
 ParOldGen       total 6656K, used 740K [0x00000000c0000000, 0x00000000c0680000, 0x00000000eab00000)
  object space 6656K, 11% used [0x00000000c0000000,0x00000000c00b9090,0x00000000c0680000)
 Metaspace       used 7066K, capacity 8052K, committed 8320K, reserved 1056768K
  class space    used 872K, capacity 880K, committed 896K, reserved 1048576K
}
Event: 1.169 GC heap before
{Heap before GC invocations=8 (full 0):
 PSYoungGen      total 5120K, used 5092K [0x00000000eab00000, 0x00000000eb500000, 0x0000000100000000)
  eden space 4096K, 100% used [0x00000000eab00000,0x00000000eaf00000,0x00000000eaf00000)
  from space 1024K, 97% used [0x00000000eaf00000,0x00000000eaff92d8,0x00000000eb000000)
  to   space 1024K, 0% used [0x00000000eb400000,0x00000000eb400000,0x00000000eb500000)
 ParOldGen       total 6656K, used 740K [0x00000000c0000000, 0x00000000c0680000, 0x00000000eab00000)
  object space 6656K, 11% used [0x00000000c0000000,0x00000000c00b9090,0x00000000c0680000)
 Metaspace       used 7222K, capacity 8084K, committed 8448K, reserved 1056768K
  class space    used 884K, capacity 912K, committed 1024K, reserved 1048576K
Event: 1.179 GC heap after
Heap after GC invocations=8 (full 0):
 PSYoungGen      total 7680K, used 996K [0x00000000eab00000, 0x00000000eb800000, 0x0000000100000000)
  eden space 6656K, 0% used [0x00000000eab00000,0x00000000eab00000,0x00000000eb180000)
  from space 1024K, 97% used [0x00000000eb400000,0x00000000eb4f92f0,0x00000000eb500000)
  to   space 2560K, 0% used [0x00000000eb180000,0x00000000eb180000,0x00000000eb400000)
 ParOldGen       total 6656K, used 4032K [0x00000000c0000000, 0x00000000c0680000, 0x00000000eab00000)
  object space 6656K, 60% used [0x00000000c0000000,0x00000000c03f0088,0x00000000c0680000)
 Metaspace       used 7222K, capacity 8084K, committed 8448K, reserved 1056768K
  class space    used 884K, capacity 912K, committed 1024K, reserved 1048576K
}
Event: 1.319 GC heap before
{Heap before GC invocations=9 (full 0):
 PSYoungGen      total 7680K, used 7652K [0x00000000eab00000, 0x00000000eb800000, 0x0000000100000000)
  eden space 6656K, 100% used [0x00000000eab00000,0x00000000eb180000,0x00000000eb180000)
  from space 1024K, 97% used [0x00000000eb400000,0x00000000eb4f92f0,0x00000000eb500000)
  to   space 2560K, 0% used [0x00000000eb180000,0x00000000eb180000,0x00000000eb400000)
 ParOldGen       total 6656K, used 4032K [0x00000000c0000000, 0x00000000c0680000, 0x00000000eab00000)
  object space 6656K, 60% used [0x00000000c0000000,0x00000000c03f0088,0x00000000c0680000)
 Metaspace       used 7332K, capacity 8244K, committed 8448K, reserved 1056768K
  class space    used 892K, capacity 944K, committed 1024K, reserved 1048576K
Event: 1.330 GC heap after
Heap after GC invocations=9 (full 0):
 PSYoungGen      total 9216K, used 2531K [0x00000000eab00000, 0x00000000ebc80000, 0x0000000100000000)
  eden space 6656K, 0% used [0x00000000eab00000,0x00000000eab00000,0x00000000eb180000)
  from space 2560K, 98% used [0x00000000eb180000,0x00000000eb3f8f30,0x00000000eb400000)
  to   space 3584K, 0% used [0x00000000eb900000,0x00000000eb900000,0x00000000ebc80000)
 ParOldGen       total 6656K, used 5448K [0x00000000c0000000, 0x00000000c0680000, 0x00000000eab00000)
  object space 6656K, 81% used [0x00000000c0000000,0x00000000c0552098,0x00000000c0680000)
 Metaspace       used 7332K, capacity 8244K, committed 8448K, reserved 1056768K
  class space    used 892K, capacity 944K, committed 1024K, reserved 1048576K
}
Event: 1.330 GC heap before
{Heap before GC invocations=10 (full 1):
 PSYoungGen      total 9216K, used 2531K [0x00000000eab00000, 0x00000000ebc80000, 0x0000000100000000)
  eden space 6656K, 0% used [0x00000000eab00000,0x00000000eab00000,0x00000000eb180000)
  from space 2560K, 98% used [0x00000000eb180000,0x00000000eb3f8f30,0x00000000eb400000)
  to   space 3584K, 0% used [0x00000000eb900000,0x00000000eb900000,0x00000000ebc80000)
 ParOldGen       total 6656K, used 5448K [0x00000000c0000000, 0x00000000c0680000, 0x00000000eab00000)
  object space 6656K, 81% used [0x00000000c0000000,0x00000000c0552098,0x00000000c0680000)
 Metaspace       used 7332K, capacity 8244K, committed 8448K, reserved 1056768K
  class space    used 892K, capacity 944K, committed 1024K, reserved 1048576K
Event: 1.391 GC heap after
Heap after GC invocations=10 (full 1):
 PSYoungGen      total 9216K, used 0K [0x00000000eab00000, 0x00000000ebc80000, 0x0000000100000000)
  eden space 6656K, 0% used [0x00000000eab00000,0x00000000eab00000,0x00000000eb180000)
  from space 2560K, 0% used [0x00000000eb180000,0x00000000eb180000,0x00000000eb400000)
  to   space 3584K, 0% used [0x00000000eb900000,0x00000000eb900000,0x00000000ebc80000)
 ParOldGen       total 9728K, used 6398K [0x00000000c0000000, 0x00000000c0980000, 0x00000000eab00000)
  object space 9728K, 65% used [0x00000000c0000000,0x00000000c063f9f8,0x00000000c0980000)
 Metaspace       used 7332K, capacity 8244K, committed 8448K, reserved 1056768K
  class space    used 892K, capacity 944K, committed 1024K, reserved 1048576K
}
Event: 1.561 GC heap before
{Heap before GC invocations=11 (full 1):
 PSYoungGen      total 9216K, used 6656K [0x00000000eab00000, 0x00000000ebc80000, 0x0000000100000000)
  eden space 6656K, 100% used [0x00000000eab00000,0x00000000eb180000,0x00000000eb180000)
  from space 2560K, 0% used [0x00000000eb180000,0x00000000eb180000,0x00000000eb400000)
  to   space 3584K, 0% used [0x00000000eb900000,0x00000000eb900000,0x00000000ebc80000)
 ParOldGen       total 9728K, used 6398K [0x00000000c0000000, 0x00000000c0980000, 0x00000000eab00000)
  object space 9728K, 65% used [0x00000000c0000000,0x00000000c063f9f8,0x00000000c0980000)
 Metaspace       used 7847K, capacity 8532K, committed 8704K, reserved 1056768K
  class space    used 949K, capacity 976K, committed 1024K, reserved 1048576K
Event: 1.566 GC heap after
Heap after GC invocations=11 (full 1):
 PSYoungGen      total 11264K, used 928K [0x00000000eab00000, 0x00000000ebb00000, 0x0000000100000000)
  eden space 9216K, 0% used [0x00000000eab00000,0x00000000eab00000,0x00000000eb400000)
  from space 2048K, 45% used [0x00000000eb900000,0x00000000eb9e8000,0x00000000ebb00000)
  to   space 3584K, 0% used [0x00000000eb400000,0x00000000eb400000,0x00000000eb780000)
 ParOldGen       total 9728K, used 6406K [0x00000000c0000000, 0x00000000c0980000, 0x00000000eab00000)
  object space 9728K, 65% used [0x00000000c0000000,0x00000000c06419f8,0x00000000c0980000)
 Metaspace       used 7847K, capacity 8532K, committed 8704K, reserved 1056768K
  class space    used 949K, capacity 976K, committed 1024K, reserved 1048576K
}

